{"numFailedTestSuites":0,"numFailedTests":0,"numPassedTestSuites":9,"numPassedTests":17,"numPendingTestSuites":0,"numPendingTests":0,"numRuntimeErrorTestSuites":0,"numTotalTestSuites":9,"numTotalTests":17,"openHandles":[],"snapshot":{"added":0,"didUpdate":false,"failure":false,"filesAdded":0,"filesRemoved":0,"filesUnmatched":0,"filesUpdated":0,"matched":1,"total":1,"unchecked":0,"uncheckedKeysByFile":[],"unmatched":0,"updated":0},"startTime":1547201642248,"success":true,"testResults":[{"assertionResults":[{"ancestorTitles":["<NotFound />"],"failureMessages":[],"fullName":"<NotFound /> renders correctly","location":null,"status":"passed","title":"renders correctly"}],"endTime":1547201646021,"message":"","name":"/Users/evanion/Projects/Personal/platform/client-web/src/Routes/NotFound/NotFound.test.tsx","startTime":1547201643532,"status":"passed","summary":""},{"assertionResults":[{"ancestorTitles":["<Login />"],"failureMessages":[],"fullName":"<Login /> renders correctly","location":null,"status":"passed","title":"renders correctly"}],"endTime":1547201646022,"message":"","name":"/Users/evanion/Projects/Personal/platform/client-web/src/Routes/Login/Login.test.tsx","startTime":1547201643538,"status":"passed","summary":""},{"assertionResults":[{"ancestorTitles":["<Dashboard />"],"failureMessages":[],"fullName":"<Dashboard /> renders correctly","location":null,"status":"passed","title":"renders correctly"}],"endTime":1547201646025,"message":"","name":"/Users/evanion/Projects/Personal/platform/client-web/src/Routes/Dashboard/Dashboard.test.tsx","startTime":1547201643532,"status":"passed","summary":""},{"assertionResults":[{"ancestorTitles":["<AuthRouteSwitch />"],"failureMessages":[],"fullName":"<AuthRouteSwitch /> renders correctly","location":null,"status":"passed","title":"renders correctly"}],"endTime":1547201647435,"message":"","name":"/Users/evanion/Projects/Personal/platform/client-web/src/Components/AuthRouteSwitch/AuthRouteSwitch.test.tsx","startTime":1547201646075,"status":"passed","summary":""},{"assertionResults":[{"ancestorTitles":["<Logout />"],"failureMessages":[],"fullName":"<Logout /> renders correctly","location":null,"status":"passed","title":"renders correctly"}],"endTime":1547201647542,"message":"","name":"/Users/evanion/Projects/Personal/platform/client-web/src/Routes/Logout/Logout.test.tsx","startTime":1547201646068,"status":"passed","summary":""},{"assertionResults":[{"ancestorTitles":["<Routes />"],"failureMessages":[],"fullName":"<Routes /> renders correctly","location":null,"status":"passed","title":"renders correctly"}],"endTime":1547201648275,"message":"","name":"/Users/evanion/Projects/Personal/platform/client-web/src/Routes/Routes.test.tsx","startTime":1547201643532,"status":"passed","summary":""},{"assertionResults":[{"ancestorTitles":["PATTERNS","EMAIL","should allow valid emails"],"failureMessages":[],"fullName":"PATTERNS EMAIL should allow valid emails test@testsson.com","location":null,"status":"passed","title":"test@testsson.com"},{"ancestorTitles":["PATTERNS","EMAIL","should reject invalid emails"],"failureMessages":[],"fullName":"PATTERNS EMAIL should reject invalid emails a@a.c","location":null,"status":"passed","title":"a@a.c"},{"ancestorTitles":["PATTERNS","EMAIL","should reject invalid emails"],"failureMessages":[],"fullName":"PATTERNS EMAIL should reject invalid emails abcd2se","location":null,"status":"passed","title":"abcd2se"},{"ancestorTitles":["PATTERNS","PHONE","should allow valid phonenumbers"],"failureMessages":[],"fullName":"PATTERNS PHONE should allow valid phonenumbers 06012345","location":null,"status":"passed","title":"06012345"},{"ancestorTitles":["PATTERNS","PHONE","should allow valid phonenumbers"],"failureMessages":[],"fullName":"PATTERNS PHONE should allow valid phonenumbers 0700000000","location":null,"status":"passed","title":"0700000000"},{"ancestorTitles":["PATTERNS","PHONE","should reject invalid phonenumbers"],"failureMessages":[],"fullName":"PATTERNS PHONE should reject invalid phonenumbers 1","location":null,"status":"passed","title":"1"},{"ancestorTitles":["PATTERNS","PHONE","should reject invalid phonenumbers"],"failureMessages":[],"fullName":"PATTERNS PHONE should reject invalid phonenumbers 123","location":null,"status":"passed","title":"123"},{"ancestorTitles":["PATTERNS","PHONE","should reject invalid phonenumbers"],"failureMessages":[],"fullName":"PATTERNS PHONE should reject invalid phonenumbers asfeaasd","location":null,"status":"passed","title":"asfeaasd"},{"ancestorTitles":["PATTERNS","PHONE","should reject invalid phonenumbers"],"failureMessages":[],"fullName":"PATTERNS PHONE should reject invalid phonenumbers 123asd","location":null,"status":"passed","title":"123asd"}],"endTime":1547201648396,"message":"","name":"/Users/evanion/Projects/Personal/platform/client-web/src/Utils/Validate/Patterns.test.ts","startTime":1547201647581,"status":"passed","summary":""},{"assertionResults":[{"ancestorTitles":[],"failureMessages":[],"fullName":"renders without crashing","location":null,"status":"passed","title":"renders without crashing"}],"endTime":1547201649108,"message":"","name":"/Users/evanion/Projects/Personal/platform/client-web/src/App.test.tsx","startTime":1547201646079,"status":"passed","summary":""},{"assertionResults":[{"ancestorTitles":["<Menu />"],"failureMessages":[],"fullName":"<Menu /> renders correctly","location":null,"status":"passed","title":"renders correctly"}],"endTime":1547201649580,"message":"","name":"/Users/evanion/Projects/Personal/platform/client-web/src/Components/Menu/Menu.test.tsx","startTime":1547201647474,"status":"passed","summary":""}],"wasInterrupted":false}